<?xml version="1.0" encoding="UTF-8"?>
<testng-results skipped="0" failed="0" ignored="0" total="3" passed="3">
  <reporter-output>
  </reporter-output>
  <suite name="Default suite" duration-ms="52895" started-at="2019-05-25T06:42:17Z" finished-at="2019-05-25T06:43:09Z">
    <groups>
    </groups>
    <test name="Default test" duration-ms="52895" started-at="2019-05-25T06:42:17Z" finished-at="2019-05-25T06:43:09Z">
      <class name="com.learnautomation.testcases.AddNewAddressTest">
        <test-method status="PASS" signature="setUpSuite()[pri:0, instance:com.learnautomation.testcases.AddNewAddressTest@7cd62f43]" name="setUpSuite" is-config="true" duration-ms="384" started-at="2019-05-25T06:42:16Z" finished-at="2019-05-25T06:42:17Z">
          <reporter-output>
          </reporter-output>
        </test-method> <!-- setUpSuite -->
        <test-method status="PASS" signature="setup()[pri:0, instance:com.learnautomation.testcases.AddNewAddressTest@7cd62f43]" name="setup" is-config="true" duration-ms="12293" started-at="2019-05-25T06:42:17Z" finished-at="2019-05-25T06:42:29Z">
          <reporter-output>
          </reporter-output>
        </test-method> <!-- setup -->
        <test-method status="PASS" signature="login()[pri:1, instance:com.learnautomation.testcases.AddNewAddressTest@7cd62f43]" name="login" duration-ms="25846" started-at="2019-05-25T06:42:29Z" finished-at="2019-05-25T06:42:55Z">
          <reporter-output>
          </reporter-output>
        </test-method> <!-- login -->
        <test-method status="PASS" signature="tearDownMethod(org.testng.ITestResult)[pri:0, instance:com.learnautomation.testcases.AddNewAddressTest@7cd62f43]" name="tearDownMethod" is-config="true" duration-ms="8" started-at="2019-05-25T06:42:55Z" finished-at="2019-05-25T06:42:55Z">
          <params>
            <param index="0">
              <value>
                <![CDATA[[TestResult name=login status=SUCCESS method=AddNewAddressTest.login()[pri:1, instance:com.learnautomation.testcases.AddNewAddressTest@7cd62f43] output={null}]]]>
              </value>
            </param>
          </params>
          <reporter-output>
          </reporter-output>
        </test-method> <!-- tearDownMethod -->
        <test-method status="PASS" signature="myAccountVerification()[pri:2, instance:com.learnautomation.testcases.AddNewAddressTest@7cd62f43]" name="myAccountVerification" duration-ms="9846" started-at="2019-05-25T06:42:55Z" finished-at="2019-05-25T06:43:05Z">
          <reporter-output>
          </reporter-output>
        </test-method> <!-- myAccountVerification -->
        <test-method status="PASS" signature="tearDownMethod(org.testng.ITestResult)[pri:0, instance:com.learnautomation.testcases.AddNewAddressTest@7cd62f43]" name="tearDownMethod" is-config="true" duration-ms="0" started-at="2019-05-25T06:43:05Z" finished-at="2019-05-25T06:43:05Z">
          <params>
            <param index="0">
              <value>
                <![CDATA[[TestResult name=myAccountVerification status=SUCCESS method=AddNewAddressTest.myAccountVerification()[pri:2, instance:com.learnautomation.testcases.AddNewAddressTest@7cd62f43] output={null}]]]>
              </value>
            </param>
          </params>
          <reporter-output>
          </reporter-output>
        </test-method> <!-- tearDownMethod -->
        <test-method status="PASS" signature="addNewAddressVerification()[pri:3, instance:com.learnautomation.testcases.AddNewAddressTest@7cd62f43]" name="addNewAddressVerification" duration-ms="4398" started-at="2019-05-25T06:43:05Z" finished-at="2019-05-25T06:43:09Z">
          <reporter-output>
          </reporter-output>
        </test-method> <!-- addNewAddressVerification -->
        <test-method status="PASS" signature="close()[pri:0, instance:com.learnautomation.testcases.AddNewAddressTest@7cd62f43]" name="close" is-config="true" duration-ms="456" started-at="2019-05-25T06:43:09Z" finished-at="2019-05-25T06:43:09Z">
          <reporter-output>
          </reporter-output>
        </test-method> <!-- close -->
        <test-method status="PASS" signature="tearDownMethod(org.testng.ITestResult)[pri:0, instance:com.learnautomation.testcases.AddNewAddressTest@7cd62f43]" name="tearDownMethod" is-config="true" duration-ms="0" started-at="2019-05-25T06:43:09Z" finished-at="2019-05-25T06:43:09Z">
          <params>
            <param index="0">
              <value>
                <![CDATA[[TestResult name=addNewAddressVerification status=SUCCESS method=AddNewAddressTest.addNewAddressVerification()[pri:3, instance:com.learnautomation.testcases.AddNewAddressTest@7cd62f43] output={null}]]]>
              </value>
            </param>
          </params>
          <reporter-output>
          </reporter-output>
        </test-method> <!-- tearDownMethod -->
      </class> <!-- com.learnautomation.testcases.AddNewAddressTest -->
    </test> <!-- Default test -->
  </suite> <!-- Default suite -->
</testng-results>
