<?xml version="1.0" encoding="UTF-8"?>
<!-- Generated by org.testng.reporters.JUnitXMLReporter -->
<testsuite hostname="Vandana" ignored="0" name="Test" tests="3" failures="0" timestamp="19 May 2019 17:29:31 GMT" time="99.776" errors="0">
  <testcase name="login" time="20.397" classname="com.learnautomation.testcases.MyAccountChange"/>
  <testcase name="myAccountVerification" time="36.614" classname="com.learnautomation.testcases.MyAccountChange"/>
  <testcase name="personalInfoChange" time="30.765" classname="com.learnautomation.testcases.MyAccountChange"/>
</testsuite> <!-- Test -->
