<?xml version="1.0" encoding="UTF-8"?>
<testsuite xmlns:xsi="http://www.w3.org/2001/XMLSchema-instance" xsi:noNamespaceSchemaLocation="https://maven.apache.org/surefire/maven-surefire-plugin/xsd/surefire-test-report-3.0.xsd" version="3.0" name="TestSuite" time="372.56" tests="9" errors="0" skipped="0" failures="7">
  <properties>
[...]
</properties>
  <testcase name="loginApp" classname="com.automation.testcases.LoginTest" time="61.083">
    <failure message="Expected condition failed: waiting for presence of element located by: By.xpath: (//a[ @href=&apos;https://www.jabong.com/account/&apos;])[1] (tried for 20 second(s) with 500 milliseconds interval)" type="org.openqa.selenium.TimeoutException">org.openqa.selenium.TimeoutException: Expected condition failed: waiting for presence of element located by: By.xpath: (//a[ @href='https://www.jabong.com/account/'])[1] (tried for 20 second(s) with 500 milliseconds interval)
	at com.automation.testcases.LoginTest.loginApp(LoginTest.java:26)
Caused by: org.openqa.selenium.NoSuchElementException: 
no such element: Unable to locate element: {"method":"xpath","selector":"(//a[ @href='https://www.jabong.com/account/'])[1]"}
  (Session info: chrome=74.0.3729.169)
  (Driver info: chromedriver=74.0.3729.6 (255758eccf3d244491b8a1317aa76e1ce10d57e9-refs/branch-heads/3729@{#29}),platform=Windows NT 6.3.9600 x86_64) (WARNING: The server did not provide any stacktrace information)
Command duration or timeout: 0 milliseconds
For documentation on this error, please visit: https://www.seleniumhq.org/exceptions/no_such_element.html
Build info: version: '3.141.59', revision: 'e82be7d358', time: '2018-11-14T08:17:03'
System info: host: 'VANDANA', ip: '192.168.43.218', os.name: 'Windows 8.1', os.arch: 'amd64', os.version: '6.3', java.version: '1.8.0_161'
Driver info: org.openqa.selenium.chrome.ChromeDriver
Capabilities {acceptInsecureCerts: false, acceptSslCerts: false, applicationCacheEnabled: false, browserConnectionEnabled: false, browserName: chrome, chrome: {chromedriverVersion: 74.0.3729.6 (255758eccf3d24..., userDataDir: C:\Users\VANDAN~1\AppData\L...}, cssSelectorsEnabled: true, databaseEnabled: false, goog:chromeOptions: {debuggerAddress: localhost:62876}, handlesAlerts: true, hasTouchScreen: false, javascriptEnabled: true, locationContextEnabled: true, mobileEmulationEnabled: false, nativeEvents: true, networkConnectionEnabled: false, pageLoadStrategy: normal, platform: XP, platformName: XP, proxy: Proxy(), rotatable: false, setWindowRect: true, strictFileInteractability: false, takesHeapSnapshot: true, takesScreenshot: true, timeouts: {implicit: 0, pageLoad: 300000, script: 30000}, unexpectedAlertBehaviour: ignore, unhandledPromptBehavior: ignore, version: 74.0.3729.169, webStorageEnabled: true}
Session ID: af0980036d10b1ed10bf7013f8544959
*** Element info: {Using=xpath, value=(//a[ @href='https://www.jabong.com/account/'])[1]}
	at com.automation.testcases.LoginTest.loginApp(LoginTest.java:26)
</failure>
    <system-out><![CDATA[Before navigating to: 'https://www.jabong.com/'
Navigated to:'https://www.jabong.com/'
Trying to find Element By : By.xpath: (//a[@class='dialogify'])[1]
Found Element By : By.xpath: (//a[@class='dialogify'])[1]
Trying to find Element By : By.xpath: (//a[@class='dialogify'])[1]
Found Element By : By.xpath: (//a[@class='dialogify'])[1]
Trying to click on: [[ChromeDriver: chrome on XP (af0980036d10b1ed10bf7013f8544959)] -> xpath: (//a[@class='dialogify'])[1]]
Clicked on: [[ChromeDriver: chrome on XP (af0980036d10b1ed10bf7013f8544959)] -> xpath: (//a[@class='dialogify'])[1]]
Trying to find Element By : By.xpath: (//span[@class='signin-span'])[1]
Trying to find Element By : By.xpath: (//span[@class='signin-span'])[1]
Trying to find Element By : By.xpath: (//span[@class='signin-span'])[1]
Trying to find Element By : By.xpath: (//span[@class='signin-span'])[1]
Trying to find Element By : By.xpath: (//span[@class='signin-span'])[1]
Found Element By : By.xpath: (//span[@class='signin-span'])[1]
Trying to find Element By : By.xpath: (//span[@class='signin-span'])[1]
Found Element By : By.xpath: (//span[@class='signin-span'])[1]
Trying to click on: [[ChromeDriver: chrome on XP (af0980036d10b1ed10bf7013f8544959)] -> xpath: (//span[@class='signin-span'])[1]]
Clicked on: [[ChromeDriver: chrome on XP (af0980036d10b1ed10bf7013f8544959)] -> xpath: (//span[@class='signin-span'])[1]]
Trying to find Element By : By.xpath: (//input[@class='whsOnd zHQkBf'])[1]
Found Element By : By.xpath: (//input[@class='whsOnd zHQkBf'])[1]
Trying to find Element By : By.xpath: (//input[@class='whsOnd zHQkBf'])[1]
Found Element By : By.xpath: (//input[@class='whsOnd zHQkBf'])[1]
Trying to find Element By : By.xpath: (//span[@class='RveJvd snByac'])[1]
Found Element By : By.xpath: (//span[@class='RveJvd snByac'])[1]
Trying to find Element By : By.xpath: (//span[@class='RveJvd snByac'])[1]
Found Element By : By.xpath: (//span[@class='RveJvd snByac'])[1]
Trying to click on: [[ChromeDriver: chrome on XP (af0980036d10b1ed10bf7013f8544959)] -> xpath: (//span[@class='RveJvd snByac'])[1]]
Clicked on: [[ChromeDriver: chrome on XP (af0980036d10b1ed10bf7013f8544959)] -> xpath: (//span[@class='RveJvd snByac'])[1]]
Trying to find Element By : By.xpath: //input[@class='whsOnd zHQkBf'][@type='password']
Found Element By : By.xpath: //input[@class='whsOnd zHQkBf'][@type='password']
Trying to find Element By : By.xpath: //input[@class='whsOnd zHQkBf'][@type='password']
Found Element By : By.xpath: //input[@class='whsOnd zHQkBf'][@type='password']
Trying to find Element By : By.xpath: (//span[@class='RveJvd snByac'])[1]
Found Element By : By.xpath: (//span[@class='RveJvd snByac'])[1]
Trying to find Element By : By.xpath: (//span[@class='RveJvd snByac'])[1]
Found Element By : By.xpath: (//span[@class='RveJvd snByac'])[1]
Trying to click on: [[ChromeDriver: chrome on XP (af0980036d10b1ed10bf7013f8544959)] -> xpath: (//span[@class='RveJvd snByac'])[1]]
Clicked on: [[ChromeDriver: chrome on XP (af0980036d10b1ed10bf7013f8544959)] -> xpath: (//span[@class='RveJvd snByac'])[1]]
Trying to find Element By : By.xpath: (//a[ @href='https://www.jabong.com/account/'])[1]
Trying to find Element By : By.xpath: (//a[ @href='https://www.jabong.com/account/'])[1]
Trying to find Element By : By.xpath: (//a[ @href='https://www.jabong.com/account/'])[1]
Trying to find Element By : By.xpath: (//a[ @href='https://www.jabong.com/account/'])[1]
Trying to find Element By : By.xpath: (//a[ @href='https://www.jabong.com/account/'])[1]
Trying to find Element By : By.xpath: (//a[ @href='https://www.jabong.com/account/'])[1]
Trying to find Element By : By.xpath: (//a[ @href='https://www.jabong.com/account/'])[1]
Trying to find Element By : By.xpath: (//a[ @href='https://www.jabong.com/account/'])[1]
Trying to find Element By : By.xpath: (//a[ @href='https://www.jabong.com/account/'])[1]
Trying to find Element By : By.xpath: (//a[ @href='https://www.jabong.com/account/'])[1]
Trying to find Element By : By.xpath: (//a[ @href='https://www.jabong.com/account/'])[1]
Trying to find Element By : By.xpath: (//a[ @href='https://www.jabong.com/account/'])[1]
Trying to find Element By : By.xpath: (//a[ @href='https://www.jabong.com/account/'])[1]
Trying to find Element By : By.xpath: (//a[ @href='https://www.jabong.com/account/'])[1]
Trying to find Element By : By.xpath: (//a[ @href='https://www.jabong.com/account/'])[1]
Trying to find Element By : By.xpath: (//a[ @href='https://www.jabong.com/account/'])[1]
Trying to find Element By : By.xpath: (//a[ @href='https://www.jabong.com/account/'])[1]
Trying to find Element By : By.xpath: (//a[ @href='https://www.jabong.com/account/'])[1]
Trying to find Element By : By.xpath: (//a[ @href='https://www.jabong.com/account/'])[1]
Trying to find Element By : By.xpath: (//a[ @href='https://www.jabong.com/account/'])[1]
Trying to find Element By : By.xpath: (//a[ @href='https://www.jabong.com/account/'])[1]
Trying to find Element By : By.xpath: (//a[ @href='https://www.jabong.com/account/'])[1]
Trying to find Element By : By.xpath: (//a[ @href='https://www.jabong.com/account/'])[1]
Trying to find Element By : By.xpath: (//a[ @href='https://www.jabong.com/account/'])[1]
Trying to find Element By : By.xpath: (//a[ @href='https://www.jabong.com/account/'])[1]
Trying to find Element By : By.xpath: (//a[ @href='https://www.jabong.com/account/'])[1]
Trying to find Element By : By.xpath: (//a[ @href='https://www.jabong.com/account/'])[1]
Trying to find Element By : By.xpath: (//a[ @href='https://www.jabong.com/account/'])[1]
Trying to find Element By : By.xpath: (//a[ @href='https://www.jabong.com/account/'])[1]
Trying to find Element By : By.xpath: (//a[ @href='https://www.jabong.com/account/'])[1]
Trying to find Element By : By.xpath: (//a[ @href='https://www.jabong.com/account/'])[1]
Trying to find Element By : By.xpath: (//a[ @href='https://www.jabong.com/account/'])[1]
Trying to find Element By : By.xpath: (//a[ @href='https://www.jabong.com/account/'])[1]
Trying to find Element By : By.xpath: (//a[ @href='https://www.jabong.com/account/'])[1]
Trying to find Element By : By.xpath: (//a[ @href='https://www.jabong.com/account/'])[1]
Trying to find Element By : By.xpath: (//a[ @href='https://www.jabong.com/account/'])[1]
Trying to find Element By : By.xpath: (//a[ @href='https://www.jabong.com/account/'])[1]
Trying to find Element By : By.xpath: (//a[ @href='https://www.jabong.com/account/'])[1]
Trying to find Element By : By.xpath: (//a[ @href='https://www.jabong.com/account/'])[1]
]]></system-out>
    <system-err><![CDATA[Starting ChromeDriver 74.0.3729.6 (255758eccf3d244491b8a1317aa76e1ce10d57e9-refs/branch-heads/3729@{#29}) on port 42050
Only local connections are allowed.
Please protect ports used by ChromeDriver and related test frameworks to prevent access by malicious code.
May 31, 2019 10:51:45 PM org.openqa.selenium.remote.ProtocolHandshake createSession
INFO: Detected dialect: OSS
]]></system-err>
  </testcase>
  <testcase name="login" classname="com.automation.testcases.MyAccountChange" time="51.552"/>
  <testcase name="myAccountVerification" classname="com.automation.testcases.MyAccountChange" time="20.206">
    <failure message="Expected condition failed: waiting for presence of element located by: By.xpath: (//a[@ href=&apos;https://www.jabong.com/account/&apos;])[1] (tried for 20 second(s) with 500 milliseconds interval)" type="org.openqa.selenium.TimeoutException">org.openqa.selenium.TimeoutException: Expected condition failed: waiting for presence of element located by: By.xpath: (//a[@ href='https://www.jabong.com/account/'])[1] (tried for 20 second(s) with 500 milliseconds interval)
	at com.automation.testcases.MyAccountChange.myAccountVerification(MyAccountChange.java:25)
Caused by: org.openqa.selenium.NoSuchElementException: 
no such element: Unable to locate element: {"method":"xpath","selector":"(//a[@ href='https://www.jabong.com/account/'])[1]"}
  (Session info: chrome=74.0.3729.169)
  (Driver info: chromedriver=74.0.3729.6 (255758eccf3d244491b8a1317aa76e1ce10d57e9-refs/branch-heads/3729@{#29}),platform=Windows NT 6.3.9600 x86_64) (WARNING: The server did not provide any stacktrace information)
Command duration or timeout: 0 milliseconds
For documentation on this error, please visit: https://www.seleniumhq.org/exceptions/no_such_element.html
Build info: version: '3.141.59', revision: 'e82be7d358', time: '2018-11-14T08:17:03'
System info: host: 'VANDANA', ip: '192.168.43.218', os.name: 'Windows 8.1', os.arch: 'amd64', os.version: '6.3', java.version: '1.8.0_161'
Driver info: org.openqa.selenium.chrome.ChromeDriver
Capabilities {acceptInsecureCerts: false, acceptSslCerts: false, applicationCacheEnabled: false, browserConnectionEnabled: false, browserName: chrome, chrome: {chromedriverVersion: 74.0.3729.6 (255758eccf3d24..., userDataDir: C:\Users\VANDAN~1\AppData\L...}, cssSelectorsEnabled: true, databaseEnabled: false, goog:chromeOptions: {debuggerAddress: localhost:62978}, handlesAlerts: true, hasTouchScreen: false, javascriptEnabled: true, locationContextEnabled: true, mobileEmulationEnabled: false, nativeEvents: true, networkConnectionEnabled: false, pageLoadStrategy: normal, platform: XP, platformName: XP, proxy: Proxy(), rotatable: false, setWindowRect: true, strictFileInteractability: false, takesHeapSnapshot: true, takesScreenshot: true, timeouts: {implicit: 0, pageLoad: 300000, script: 30000}, unexpectedAlertBehaviour: ignore, unhandledPromptBehavior: ignore, version: 74.0.3729.169, webStorageEnabled: true}
Session ID: 3956b13b7eb731574ef141fcceb4a1be
*** Element info: {Using=xpath, value=(//a[@ href='https://www.jabong.com/account/'])[1]}
	at com.automation.testcases.MyAccountChange.myAccountVerification(MyAccountChange.java:25)
</failure>
    <system-out><![CDATA[Trying to find Element By : By.xpath: (//a[@ href='https://www.jabong.com/account/'])[1]
Trying to find Element By : By.xpath: (//a[@ href='https://www.jabong.com/account/'])[1]
Trying to find Element By : By.xpath: (//a[@ href='https://www.jabong.com/account/'])[1]
Trying to find Element By : By.xpath: (//a[@ href='https://www.jabong.com/account/'])[1]
Trying to find Element By : By.xpath: (//a[@ href='https://www.jabong.com/account/'])[1]
Trying to find Element By : By.xpath: (//a[@ href='https://www.jabong.com/account/'])[1]
Trying to find Element By : By.xpath: (//a[@ href='https://www.jabong.com/account/'])[1]
Trying to find Element By : By.xpath: (//a[@ href='https://www.jabong.com/account/'])[1]
Trying to find Element By : By.xpath: (//a[@ href='https://www.jabong.com/account/'])[1]
Trying to find Element By : By.xpath: (//a[@ href='https://www.jabong.com/account/'])[1]
Trying to find Element By : By.xpath: (//a[@ href='https://www.jabong.com/account/'])[1]
Trying to find Element By : By.xpath: (//a[@ href='https://www.jabong.com/account/'])[1]
Trying to find Element By : By.xpath: (//a[@ href='https://www.jabong.com/account/'])[1]
Trying to find Element By : By.xpath: (//a[@ href='https://www.jabong.com/account/'])[1]
Trying to find Element By : By.xpath: (//a[@ href='https://www.jabong.com/account/'])[1]
Trying to find Element By : By.xpath: (//a[@ href='https://www.jabong.com/account/'])[1]
Trying to find Element By : By.xpath: (//a[@ href='https://www.jabong.com/account/'])[1]
Trying to find Element By : By.xpath: (//a[@ href='https://www.jabong.com/account/'])[1]
Trying to find Element By : By.xpath: (//a[@ href='https://www.jabong.com/account/'])[1]
Trying to find Element By : By.xpath: (//a[@ href='https://www.jabong.com/account/'])[1]
Trying to find Element By : By.xpath: (//a[@ href='https://www.jabong.com/account/'])[1]
Trying to find Element By : By.xpath: (//a[@ href='https://www.jabong.com/account/'])[1]
Trying to find Element By : By.xpath: (//a[@ href='https://www.jabong.com/account/'])[1]
Trying to find Element By : By.xpath: (//a[@ href='https://www.jabong.com/account/'])[1]
Trying to find Element By : By.xpath: (//a[@ href='https://www.jabong.com/account/'])[1]
Trying to find Element By : By.xpath: (//a[@ href='https://www.jabong.com/account/'])[1]
Trying to find Element By : By.xpath: (//a[@ href='https://www.jabong.com/account/'])[1]
Trying to find Element By : By.xpath: (//a[@ href='https://www.jabong.com/account/'])[1]
Trying to find Element By : By.xpath: (//a[@ href='https://www.jabong.com/account/'])[1]
Trying to find Element By : By.xpath: (//a[@ href='https://www.jabong.com/account/'])[1]
Trying to find Element By : By.xpath: (//a[@ href='https://www.jabong.com/account/'])[1]
Trying to find Element By : By.xpath: (//a[@ href='https://www.jabong.com/account/'])[1]
Trying to find Element By : By.xpath: (//a[@ href='https://www.jabong.com/account/'])[1]
Trying to find Element By : By.xpath: (//a[@ href='https://www.jabong.com/account/'])[1]
Trying to find Element By : By.xpath: (//a[@ href='https://www.jabong.com/account/'])[1]
Trying to find Element By : By.xpath: (//a[@ href='https://www.jabong.com/account/'])[1]
Trying to find Element By : By.xpath: (//a[@ href='https://www.jabong.com/account/'])[1]
Trying to find Element By : By.xpath: (//a[@ href='https://www.jabong.com/account/'])[1]
Trying to find Element By : By.xpath: (//a[@ href='https://www.jabong.com/account/'])[1]
]]></system-out>
  </testcase>
  <testcase name="personalInfoChange" classname="com.automation.testcases.MyAccountChange" time="20.086">
    <failure message="Expected condition failed: waiting for presence of element located by: By.xpath: //a [@href=&apos;/account/profile&apos;] (tried for 20 second(s) with 500 milliseconds interval)" type="org.openqa.selenium.TimeoutException">org.openqa.selenium.TimeoutException: Expected condition failed: waiting for presence of element located by: By.xpath: //a [@href='/account/profile'] (tried for 20 second(s) with 500 milliseconds interval)
	at com.automation.testcases.MyAccountChange.personalInfoChange(MyAccountChange.java:33)
Caused by: org.openqa.selenium.NoSuchElementException: 
no such element: Unable to locate element: {"method":"xpath","selector":"//a [@href='/account/profile']"}
  (Session info: chrome=74.0.3729.169)
  (Driver info: chromedriver=74.0.3729.6 (255758eccf3d244491b8a1317aa76e1ce10d57e9-refs/branch-heads/3729@{#29}),platform=Windows NT 6.3.9600 x86_64) (WARNING: The server did not provide any stacktrace information)
Command duration or timeout: 0 milliseconds
For documentation on this error, please visit: https://www.seleniumhq.org/exceptions/no_such_element.html
Build info: version: '3.141.59', revision: 'e82be7d358', time: '2018-11-14T08:17:03'
System info: host: 'VANDANA', ip: '192.168.43.218', os.name: 'Windows 8.1', os.arch: 'amd64', os.version: '6.3', java.version: '1.8.0_161'
Driver info: org.openqa.selenium.chrome.ChromeDriver
Capabilities {acceptInsecureCerts: false, acceptSslCerts: false, applicationCacheEnabled: false, browserConnectionEnabled: false, browserName: chrome, chrome: {chromedriverVersion: 74.0.3729.6 (255758eccf3d24..., userDataDir: C:\Users\VANDAN~1\AppData\L...}, cssSelectorsEnabled: true, databaseEnabled: false, goog:chromeOptions: {debuggerAddress: localhost:62978}, handlesAlerts: true, hasTouchScreen: false, javascriptEnabled: true, locationContextEnabled: true, mobileEmulationEnabled: false, nativeEvents: true, networkConnectionEnabled: false, pageLoadStrategy: normal, platform: XP, platformName: XP, proxy: Proxy(), rotatable: false, setWindowRect: true, strictFileInteractability: false, takesHeapSnapshot: true, takesScreenshot: true, timeouts: {implicit: 0, pageLoad: 300000, script: 30000}, unexpectedAlertBehaviour: ignore, unhandledPromptBehavior: ignore, version: 74.0.3729.169, webStorageEnabled: true}
Session ID: 3956b13b7eb731574ef141fcceb4a1be
*** Element info: {Using=xpath, value=//a [@href='/account/profile']}
	at com.automation.testcases.MyAccountChange.personalInfoChange(MyAccountChange.java:33)
</failure>
    <system-out><![CDATA[Trying to find Element By : By.xpath: //a [@href='/account/profile']
Trying to find Element By : By.xpath: //a [@href='/account/profile']
Trying to find Element By : By.xpath: //a [@href='/account/profile']
Trying to find Element By : By.xpath: //a [@href='/account/profile']
Trying to find Element By : By.xpath: //a [@href='/account/profile']
Trying to find Element By : By.xpath: //a [@href='/account/profile']
Trying to find Element By : By.xpath: //a [@href='/account/profile']
Trying to find Element By : By.xpath: //a [@href='/account/profile']
Trying to find Element By : By.xpath: //a [@href='/account/profile']
Trying to find Element By : By.xpath: //a [@href='/account/profile']
Trying to find Element By : By.xpath: //a [@href='/account/profile']
Trying to find Element By : By.xpath: //a [@href='/account/profile']
Trying to find Element By : By.xpath: //a [@href='/account/profile']
Trying to find Element By : By.xpath: //a [@href='/account/profile']
Trying to find Element By : By.xpath: //a [@href='/account/profile']
Trying to find Element By : By.xpath: //a [@href='/account/profile']
Trying to find Element By : By.xpath: //a [@href='/account/profile']
Trying to find Element By : By.xpath: //a [@href='/account/profile']
Trying to find Element By : By.xpath: //a [@href='/account/profile']
Trying to find Element By : By.xpath: //a [@href='/account/profile']
Trying to find Element By : By.xpath: //a [@href='/account/profile']
Trying to find Element By : By.xpath: //a [@href='/account/profile']
Trying to find Element By : By.xpath: //a [@href='/account/profile']
Trying to find Element By : By.xpath: //a [@href='/account/profile']
Trying to find Element By : By.xpath: //a [@href='/account/profile']
Trying to find Element By : By.xpath: //a [@href='/account/profile']
Trying to find Element By : By.xpath: //a [@href='/account/profile']
Trying to find Element By : By.xpath: //a [@href='/account/profile']
Trying to find Element By : By.xpath: //a [@href='/account/profile']
Trying to find Element By : By.xpath: //a [@href='/account/profile']
Trying to find Element By : By.xpath: //a [@href='/account/profile']
Trying to find Element By : By.xpath: //a [@href='/account/profile']
Trying to find Element By : By.xpath: //a [@href='/account/profile']
Trying to find Element By : By.xpath: //a [@href='/account/profile']
Trying to find Element By : By.xpath: //a [@href='/account/profile']
Trying to find Element By : By.xpath: //a [@href='/account/profile']
Trying to find Element By : By.xpath: //a [@href='/account/profile']
Trying to find Element By : By.xpath: //a [@href='/account/profile']
Trying to find Element By : By.xpath: //a [@href='/account/profile']
]]></system-out>
  </testcase>
  <testcase name="login" classname="com.automation.testcases.AddNewAddressTest" time="23.1"/>
  <testcase name="myAccountVerification" classname="com.automation.testcases.AddNewAddressTest" time="20.119">
    <failure message="Expected condition failed: waiting for presence of element located by: By.xpath: (//a[@ href=&apos;https://www.jabong.com/account/&apos;])[1] (tried for 20 second(s) with 500 milliseconds interval)" type="org.openqa.selenium.TimeoutException">org.openqa.selenium.TimeoutException: Expected condition failed: waiting for presence of element located by: By.xpath: (//a[@ href='https://www.jabong.com/account/'])[1] (tried for 20 second(s) with 500 milliseconds interval)
	at com.automation.testcases.AddNewAddressTest.myAccountVerification(AddNewAddressTest.java:28)
Caused by: org.openqa.selenium.NoSuchElementException: 
no such element: Unable to locate element: {"method":"xpath","selector":"(//a[@ href='https://www.jabong.com/account/'])[1]"}
  (Session info: chrome=74.0.3729.169)
  (Driver info: chromedriver=74.0.3729.6 (255758eccf3d244491b8a1317aa76e1ce10d57e9-refs/branch-heads/3729@{#29}),platform=Windows NT 6.3.9600 x86_64) (WARNING: The server did not provide any stacktrace information)
Command duration or timeout: 0 milliseconds
For documentation on this error, please visit: https://www.seleniumhq.org/exceptions/no_such_element.html
Build info: version: '3.141.59', revision: 'e82be7d358', time: '2018-11-14T08:17:03'
System info: host: 'VANDANA', ip: '192.168.43.218', os.name: 'Windows 8.1', os.arch: 'amd64', os.version: '6.3', java.version: '1.8.0_161'
Driver info: org.openqa.selenium.chrome.ChromeDriver
Capabilities {acceptInsecureCerts: false, acceptSslCerts: false, applicationCacheEnabled: false, browserConnectionEnabled: false, browserName: chrome, chrome: {chromedriverVersion: 74.0.3729.6 (255758eccf3d24..., userDataDir: C:\Users\VANDAN~1\AppData\L...}, cssSelectorsEnabled: true, databaseEnabled: false, goog:chromeOptions: {debuggerAddress: localhost:63064}, handlesAlerts: true, hasTouchScreen: false, javascriptEnabled: true, locationContextEnabled: true, mobileEmulationEnabled: false, nativeEvents: true, networkConnectionEnabled: false, pageLoadStrategy: normal, platform: XP, platformName: XP, proxy: Proxy(), rotatable: false, setWindowRect: true, strictFileInteractability: false, takesHeapSnapshot: true, takesScreenshot: true, timeouts: {implicit: 0, pageLoad: 300000, script: 30000}, unexpectedAlertBehaviour: ignore, unhandledPromptBehavior: ignore, version: 74.0.3729.169, webStorageEnabled: true}
Session ID: eeabe3fcace285a735f9f1ce40d50094
*** Element info: {Using=xpath, value=(//a[@ href='https://www.jabong.com/account/'])[1]}
	at com.automation.testcases.AddNewAddressTest.myAccountVerification(AddNewAddressTest.java:28)
</failure>
    <system-out><![CDATA[Trying to find Element By : By.xpath: (//a[@ href='https://www.jabong.com/account/'])[1]
Trying to find Element By : By.xpath: (//a[@ href='https://www.jabong.com/account/'])[1]
Trying to find Element By : By.xpath: (//a[@ href='https://www.jabong.com/account/'])[1]
Trying to find Element By : By.xpath: (//a[@ href='https://www.jabong.com/account/'])[1]
Trying to find Element By : By.xpath: (//a[@ href='https://www.jabong.com/account/'])[1]
Trying to find Element By : By.xpath: (//a[@ href='https://www.jabong.com/account/'])[1]
Trying to find Element By : By.xpath: (//a[@ href='https://www.jabong.com/account/'])[1]
Trying to find Element By : By.xpath: (//a[@ href='https://www.jabong.com/account/'])[1]
Trying to find Element By : By.xpath: (//a[@ href='https://www.jabong.com/account/'])[1]
Trying to find Element By : By.xpath: (//a[@ href='https://www.jabong.com/account/'])[1]
Trying to find Element By : By.xpath: (//a[@ href='https://www.jabong.com/account/'])[1]
Trying to find Element By : By.xpath: (//a[@ href='https://www.jabong.com/account/'])[1]
Trying to find Element By : By.xpath: (//a[@ href='https://www.jabong.com/account/'])[1]
Trying to find Element By : By.xpath: (//a[@ href='https://www.jabong.com/account/'])[1]
Trying to find Element By : By.xpath: (//a[@ href='https://www.jabong.com/account/'])[1]
Trying to find Element By : By.xpath: (//a[@ href='https://www.jabong.com/account/'])[1]
Trying to find Element By : By.xpath: (//a[@ href='https://www.jabong.com/account/'])[1]
Trying to find Element By : By.xpath: (//a[@ href='https://www.jabong.com/account/'])[1]
Trying to find Element By : By.xpath: (//a[@ href='https://www.jabong.com/account/'])[1]
Trying to find Element By : By.xpath: (//a[@ href='https://www.jabong.com/account/'])[1]
Trying to find Element By : By.xpath: (//a[@ href='https://www.jabong.com/account/'])[1]
Trying to find Element By : By.xpath: (//a[@ href='https://www.jabong.com/account/'])[1]
Trying to find Element By : By.xpath: (//a[@ href='https://www.jabong.com/account/'])[1]
Trying to find Element By : By.xpath: (//a[@ href='https://www.jabong.com/account/'])[1]
Trying to find Element By : By.xpath: (//a[@ href='https://www.jabong.com/account/'])[1]
Trying to find Element By : By.xpath: (//a[@ href='https://www.jabong.com/account/'])[1]
Trying to find Element By : By.xpath: (//a[@ href='https://www.jabong.com/account/'])[1]
Trying to find Element By : By.xpath: (//a[@ href='https://www.jabong.com/account/'])[1]
Trying to find Element By : By.xpath: (//a[@ href='https://www.jabong.com/account/'])[1]
Trying to find Element By : By.xpath: (//a[@ href='https://www.jabong.com/account/'])[1]
Trying to find Element By : By.xpath: (//a[@ href='https://www.jabong.com/account/'])[1]
Trying to find Element By : By.xpath: (//a[@ href='https://www.jabong.com/account/'])[1]
Trying to find Element By : By.xpath: (//a[@ href='https://www.jabong.com/account/'])[1]
Trying to find Element By : By.xpath: (//a[@ href='https://www.jabong.com/account/'])[1]
Trying to find Element By : By.xpath: (//a[@ href='https://www.jabong.com/account/'])[1]
Trying to find Element By : By.xpath: (//a[@ href='https://www.jabong.com/account/'])[1]
Trying to find Element By : By.xpath: (//a[@ href='https://www.jabong.com/account/'])[1]
Trying to find Element By : By.xpath: (//a[@ href='https://www.jabong.com/account/'])[1]
Trying to find Element By : By.xpath: (//a[@ href='https://www.jabong.com/account/'])[1]
]]></system-out>
  </testcase>
  <testcase name="addNewAddressVerification" classname="com.automation.testcases.AddNewAddressTest" time="20.127">
    <failure message="Expected condition failed: waiting for presence of element located by: By.xpath: //a [@href=&apos;/account/addresses/&apos;] (tried for 20 second(s) with 500 milliseconds interval)" type="org.openqa.selenium.TimeoutException">org.openqa.selenium.TimeoutException: Expected condition failed: waiting for presence of element located by: By.xpath: //a [@href='/account/addresses/'] (tried for 20 second(s) with 500 milliseconds interval)
	at com.automation.testcases.AddNewAddressTest.addNewAddressVerification(AddNewAddressTest.java:36)
Caused by: org.openqa.selenium.NoSuchElementException: 
no such element: Unable to locate element: {"method":"xpath","selector":"//a [@href='/account/addresses/']"}
  (Session info: chrome=74.0.3729.169)
  (Driver info: chromedriver=74.0.3729.6 (255758eccf3d244491b8a1317aa76e1ce10d57e9-refs/branch-heads/3729@{#29}),platform=Windows NT 6.3.9600 x86_64) (WARNING: The server did not provide any stacktrace information)
Command duration or timeout: 0 milliseconds
For documentation on this error, please visit: https://www.seleniumhq.org/exceptions/no_such_element.html
Build info: version: '3.141.59', revision: 'e82be7d358', time: '2018-11-14T08:17:03'
System info: host: 'VANDANA', ip: '192.168.43.218', os.name: 'Windows 8.1', os.arch: 'amd64', os.version: '6.3', java.version: '1.8.0_161'
Driver info: org.openqa.selenium.chrome.ChromeDriver
Capabilities {acceptInsecureCerts: false, acceptSslCerts: false, applicationCacheEnabled: false, browserConnectionEnabled: false, browserName: chrome, chrome: {chromedriverVersion: 74.0.3729.6 (255758eccf3d24..., userDataDir: C:\Users\VANDAN~1\AppData\L...}, cssSelectorsEnabled: true, databaseEnabled: false, goog:chromeOptions: {debuggerAddress: localhost:63064}, handlesAlerts: true, hasTouchScreen: false, javascriptEnabled: true, locationContextEnabled: true, mobileEmulationEnabled: false, nativeEvents: true, networkConnectionEnabled: false, pageLoadStrategy: normal, platform: XP, platformName: XP, proxy: Proxy(), rotatable: false, setWindowRect: true, strictFileInteractability: false, takesHeapSnapshot: true, takesScreenshot: true, timeouts: {implicit: 0, pageLoad: 300000, script: 30000}, unexpectedAlertBehaviour: ignore, unhandledPromptBehavior: ignore, version: 74.0.3729.169, webStorageEnabled: true}
Session ID: eeabe3fcace285a735f9f1ce40d50094
*** Element info: {Using=xpath, value=//a [@href='/account/addresses/']}
	at com.automation.testcases.AddNewAddressTest.addNewAddressVerification(AddNewAddressTest.java:36)
</failure>
    <system-out><![CDATA[Trying to find Element By : By.xpath: //a [@href='/account/addresses/']
Trying to find Element By : By.xpath: //a [@href='/account/addresses/']
Trying to find Element By : By.xpath: //a [@href='/account/addresses/']
Trying to find Element By : By.xpath: //a [@href='/account/addresses/']
Trying to find Element By : By.xpath: //a [@href='/account/addresses/']
Trying to find Element By : By.xpath: //a [@href='/account/addresses/']
Trying to find Element By : By.xpath: //a [@href='/account/addresses/']
Trying to find Element By : By.xpath: //a [@href='/account/addresses/']
Trying to find Element By : By.xpath: //a [@href='/account/addresses/']
Trying to find Element By : By.xpath: //a [@href='/account/addresses/']
Trying to find Element By : By.xpath: //a [@href='/account/addresses/']
Trying to find Element By : By.xpath: //a [@href='/account/addresses/']
Trying to find Element By : By.xpath: //a [@href='/account/addresses/']
Trying to find Element By : By.xpath: //a [@href='/account/addresses/']
Trying to find Element By : By.xpath: //a [@href='/account/addresses/']
Trying to find Element By : By.xpath: //a [@href='/account/addresses/']
Trying to find Element By : By.xpath: //a [@href='/account/addresses/']
Trying to find Element By : By.xpath: //a [@href='/account/addresses/']
Trying to find Element By : By.xpath: //a [@href='/account/addresses/']
Trying to find Element By : By.xpath: //a [@href='/account/addresses/']
Trying to find Element By : By.xpath: //a [@href='/account/addresses/']
Trying to find Element By : By.xpath: //a [@href='/account/addresses/']
Trying to find Element By : By.xpath: //a [@href='/account/addresses/']
Trying to find Element By : By.xpath: //a [@href='/account/addresses/']
Trying to find Element By : By.xpath: //a [@href='/account/addresses/']
Trying to find Element By : By.xpath: //a [@href='/account/addresses/']
Trying to find Element By : By.xpath: //a [@href='/account/addresses/']
Trying to find Element By : By.xpath: //a [@href='/account/addresses/']
Trying to find Element By : By.xpath: //a [@href='/account/addresses/']
Trying to find Element By : By.xpath: //a [@href='/account/addresses/']
Trying to find Element By : By.xpath: //a [@href='/account/addresses/']
Trying to find Element By : By.xpath: //a [@href='/account/addresses/']
Trying to find Element By : By.xpath: //a [@href='/account/addresses/']
Trying to find Element By : By.xpath: //a [@href='/account/addresses/']
Trying to find Element By : By.xpath: //a [@href='/account/addresses/']
Trying to find Element By : By.xpath: //a [@href='/account/addresses/']
Trying to find Element By : By.xpath: //a [@href='/account/addresses/']
Trying to find Element By : By.xpath: //a [@href='/account/addresses/']
Trying to find Element By : By.xpath: //a [@href='/account/addresses/']
]]></system-out>
  </testcase>
  <testcase name="loginApp" classname="com.automation.testcases.FetchJabongPointTest" time="61.995">
    <failure message="Expected condition failed: waiting for presence of element located by: By.xpath: (//a[ @href=&apos;https://www.jabong.com/account/&apos;])[1] (tried for 20 second(s) with 500 milliseconds interval)" type="org.openqa.selenium.TimeoutException">org.openqa.selenium.TimeoutException: Expected condition failed: waiting for presence of element located by: By.xpath: (//a[ @href='https://www.jabong.com/account/'])[1] (tried for 20 second(s) with 500 milliseconds interval)
	at com.automation.testcases.FetchJabongPointTest.loginApp(FetchJabongPointTest.java:22)
Caused by: org.openqa.selenium.NoSuchElementException: 
no such element: Unable to locate element: {"method":"xpath","selector":"(//a[ @href='https://www.jabong.com/account/'])[1]"}
  (Session info: chrome=74.0.3729.169)
  (Driver info: chromedriver=74.0.3729.6 (255758eccf3d244491b8a1317aa76e1ce10d57e9-refs/branch-heads/3729@{#29}),platform=Windows NT 6.3.9600 x86_64) (WARNING: The server did not provide any stacktrace information)
Command duration or timeout: 0 milliseconds
For documentation on this error, please visit: https://www.seleniumhq.org/exceptions/no_such_element.html
Build info: version: '3.141.59', revision: 'e82be7d358', time: '2018-11-14T08:17:03'
System info: host: 'VANDANA', ip: '192.168.43.218', os.name: 'Windows 8.1', os.arch: 'amd64', os.version: '6.3', java.version: '1.8.0_161'
Driver info: org.openqa.selenium.chrome.ChromeDriver
Capabilities {acceptInsecureCerts: false, acceptSslCerts: false, applicationCacheEnabled: false, browserConnectionEnabled: false, browserName: chrome, chrome: {chromedriverVersion: 74.0.3729.6 (255758eccf3d24..., userDataDir: C:\Users\VANDAN~1\AppData\L...}, cssSelectorsEnabled: true, databaseEnabled: false, goog:chromeOptions: {debuggerAddress: localhost:63142}, handlesAlerts: true, hasTouchScreen: false, javascriptEnabled: true, locationContextEnabled: true, mobileEmulationEnabled: false, nativeEvents: true, networkConnectionEnabled: false, pageLoadStrategy: normal, platform: XP, platformName: XP, proxy: Proxy(), rotatable: false, setWindowRect: true, strictFileInteractability: false, takesHeapSnapshot: true, takesScreenshot: true, timeouts: {implicit: 0, pageLoad: 300000, script: 30000}, unexpectedAlertBehaviour: ignore, unhandledPromptBehavior: ignore, version: 74.0.3729.169, webStorageEnabled: true}
Session ID: 04946337ad784385453c06ee1eb4039c
*** Element info: {Using=xpath, value=(//a[ @href='https://www.jabong.com/account/'])[1]}
	at com.automation.testcases.FetchJabongPointTest.loginApp(FetchJabongPointTest.java:22)
</failure>
    <system-out><![CDATA[Before navigating to: 'https://www.jabong.com/'
Navigated to:'https://www.jabong.com/'
Trying to find Element By : By.xpath: (//a[@class='dialogify'])[1]
Found Element By : By.xpath: (//a[@class='dialogify'])[1]
Trying to find Element By : By.xpath: (//a[@class='dialogify'])[1]
Found Element By : By.xpath: (//a[@class='dialogify'])[1]
Trying to click on: [[ChromeDriver: chrome on XP (04946337ad784385453c06ee1eb4039c)] -> xpath: (//a[@class='dialogify'])[1]]
Clicked on: [[ChromeDriver: chrome on XP (04946337ad784385453c06ee1eb4039c)] -> xpath: (//a[@class='dialogify'])[1]]
Trying to find Element By : By.xpath: (//span[@class='signin-span'])[1]
Trying to find Element By : By.xpath: (//span[@class='signin-span'])[1]
Found Element By : By.xpath: (//span[@class='signin-span'])[1]
Trying to find Element By : By.xpath: (//span[@class='signin-span'])[1]
Found Element By : By.xpath: (//span[@class='signin-span'])[1]
Trying to click on: [[ChromeDriver: chrome on XP (04946337ad784385453c06ee1eb4039c)] -> xpath: (//span[@class='signin-span'])[1]]
Clicked on: [[ChromeDriver: chrome on XP (04946337ad784385453c06ee1eb4039c)] -> xpath: (//span[@class='signin-span'])[1]]
Trying to find Element By : By.xpath: (//input[@class='whsOnd zHQkBf'])[1]
Found Element By : By.xpath: (//input[@class='whsOnd zHQkBf'])[1]
Trying to find Element By : By.xpath: (//input[@class='whsOnd zHQkBf'])[1]
Found Element By : By.xpath: (//input[@class='whsOnd zHQkBf'])[1]
Trying to find Element By : By.xpath: (//span[@class='RveJvd snByac'])[1]
Found Element By : By.xpath: (//span[@class='RveJvd snByac'])[1]
Trying to find Element By : By.xpath: (//span[@class='RveJvd snByac'])[1]
Found Element By : By.xpath: (//span[@class='RveJvd snByac'])[1]
Trying to click on: [[ChromeDriver: chrome on XP (04946337ad784385453c06ee1eb4039c)] -> xpath: (//span[@class='RveJvd snByac'])[1]]
Clicked on: [[ChromeDriver: chrome on XP (04946337ad784385453c06ee1eb4039c)] -> xpath: (//span[@class='RveJvd snByac'])[1]]
Trying to find Element By : By.xpath: //input[@class='whsOnd zHQkBf'][@type='password']
Found Element By : By.xpath: //input[@class='whsOnd zHQkBf'][@type='password']
Trying to find Element By : By.xpath: //input[@class='whsOnd zHQkBf'][@type='password']
Found Element By : By.xpath: //input[@class='whsOnd zHQkBf'][@type='password']
Trying to find Element By : By.xpath: (//span[@class='RveJvd snByac'])[1]
Found Element By : By.xpath: (//span[@class='RveJvd snByac'])[1]
Trying to find Element By : By.xpath: (//span[@class='RveJvd snByac'])[1]
Found Element By : By.xpath: (//span[@class='RveJvd snByac'])[1]
Trying to click on: [[ChromeDriver: chrome on XP (04946337ad784385453c06ee1eb4039c)] -> xpath: (//span[@class='RveJvd snByac'])[1]]
Clicked on: [[ChromeDriver: chrome on XP (04946337ad784385453c06ee1eb4039c)] -> xpath: (//span[@class='RveJvd snByac'])[1]]
Trying to find Element By : By.xpath: (//a[ @href='https://www.jabong.com/account/'])[1]
Trying to find Element By : By.xpath: (//a[ @href='https://www.jabong.com/account/'])[1]
Trying to find Element By : By.xpath: (//a[ @href='https://www.jabong.com/account/'])[1]
Trying to find Element By : By.xpath: (//a[ @href='https://www.jabong.com/account/'])[1]
Trying to find Element By : By.xpath: (//a[ @href='https://www.jabong.com/account/'])[1]
Trying to find Element By : By.xpath: (//a[ @href='https://www.jabong.com/account/'])[1]
Trying to find Element By : By.xpath: (//a[ @href='https://www.jabong.com/account/'])[1]
Trying to find Element By : By.xpath: (//a[ @href='https://www.jabong.com/account/'])[1]
Trying to find Element By : By.xpath: (//a[ @href='https://www.jabong.com/account/'])[1]
Trying to find Element By : By.xpath: (//a[ @href='https://www.jabong.com/account/'])[1]
Trying to find Element By : By.xpath: (//a[ @href='https://www.jabong.com/account/'])[1]
Trying to find Element By : By.xpath: (//a[ @href='https://www.jabong.com/account/'])[1]
Trying to find Element By : By.xpath: (//a[ @href='https://www.jabong.com/account/'])[1]
Trying to find Element By : By.xpath: (//a[ @href='https://www.jabong.com/account/'])[1]
Trying to find Element By : By.xpath: (//a[ @href='https://www.jabong.com/account/'])[1]
Trying to find Element By : By.xpath: (//a[ @href='https://www.jabong.com/account/'])[1]
Trying to find Element By : By.xpath: (//a[ @href='https://www.jabong.com/account/'])[1]
Trying to find Element By : By.xpath: (//a[ @href='https://www.jabong.com/account/'])[1]
Trying to find Element By : By.xpath: (//a[ @href='https://www.jabong.com/account/'])[1]
Trying to find Element By : By.xpath: (//a[ @href='https://www.jabong.com/account/'])[1]
Trying to find Element By : By.xpath: (//a[ @href='https://www.jabong.com/account/'])[1]
Trying to find Element By : By.xpath: (//a[ @href='https://www.jabong.com/account/'])[1]
Trying to find Element By : By.xpath: (//a[ @href='https://www.jabong.com/account/'])[1]
Trying to find Element By : By.xpath: (//a[ @href='https://www.jabong.com/account/'])[1]
Trying to find Element By : By.xpath: (//a[ @href='https://www.jabong.com/account/'])[1]
Trying to find Element By : By.xpath: (//a[ @href='https://www.jabong.com/account/'])[1]
Trying to find Element By : By.xpath: (//a[ @href='https://www.jabong.com/account/'])[1]
Trying to find Element By : By.xpath: (//a[ @href='https://www.jabong.com/account/'])[1]
Trying to find Element By : By.xpath: (//a[ @href='https://www.jabong.com/account/'])[1]
Trying to find Element By : By.xpath: (//a[ @href='https://www.jabong.com/account/'])[1]
Trying to find Element By : By.xpath: (//a[ @href='https://www.jabong.com/account/'])[1]
Trying to find Element By : By.xpath: (//a[ @href='https://www.jabong.com/account/'])[1]
Trying to find Element By : By.xpath: (//a[ @href='https://www.jabong.com/account/'])[1]
Trying to find Element By : By.xpath: (//a[ @href='https://www.jabong.com/account/'])[1]
Trying to find Element By : By.xpath: (//a[ @href='https://www.jabong.com/account/'])[1]
Trying to find Element By : By.xpath: (//a[ @href='https://www.jabong.com/account/'])[1]
Trying to find Element By : By.xpath: (//a[ @href='https://www.jabong.com/account/'])[1]
Trying to find Element By : By.xpath: (//a[ @href='https://www.jabong.com/account/'])[1]
Trying to find Element By : By.xpath: (//a[ @href='https://www.jabong.com/account/'])[1]
]]></system-out>
    <system-err><![CDATA[Starting ChromeDriver 74.0.3729.6 (255758eccf3d244491b8a1317aa76e1ce10d57e9-refs/branch-heads/3729@{#29}) on port 18602
Only local connections are allowed.
Please protect ports used by ChromeDriver and related test frameworks to prevent access by malicious code.
May 31, 2019 10:56:19 PM org.openqa.selenium.remote.ProtocolHandshake createSession
INFO: Detected dialect: OSS
]]></system-err>
  </testcase>
  <testcase name="jabongPoingVerification" classname="com.automation.testcases.FetchJabongPointTest" time="20.05">
    <failure message="Expected condition failed: waiting for presence of element located by: By.xpath: (//a[@ href=&apos;https://www.jabong.com/account/&apos;])[1] (tried for 20 second(s) with 500 milliseconds interval)" type="org.openqa.selenium.TimeoutException">org.openqa.selenium.TimeoutException: Expected condition failed: waiting for presence of element located by: By.xpath: (//a[@ href='https://www.jabong.com/account/'])[1] (tried for 20 second(s) with 500 milliseconds interval)
	at com.automation.testcases.FetchJabongPointTest.jabongPoingVerification(FetchJabongPointTest.java:32)
Caused by: org.openqa.selenium.NoSuchElementException: 
no such element: Unable to locate element: {"method":"xpath","selector":"(//a[@ href='https://www.jabong.com/account/'])[1]"}
  (Session info: chrome=74.0.3729.169)
  (Driver info: chromedriver=74.0.3729.6 (255758eccf3d244491b8a1317aa76e1ce10d57e9-refs/branch-heads/3729@{#29}),platform=Windows NT 6.3.9600 x86_64) (WARNING: The server did not provide any stacktrace information)
Command duration or timeout: 0 milliseconds
For documentation on this error, please visit: https://www.seleniumhq.org/exceptions/no_such_element.html
Build info: version: '3.141.59', revision: 'e82be7d358', time: '2018-11-14T08:17:03'
System info: host: 'VANDANA', ip: '192.168.43.218', os.name: 'Windows 8.1', os.arch: 'amd64', os.version: '6.3', java.version: '1.8.0_161'
Driver info: org.openqa.selenium.chrome.ChromeDriver
Capabilities {acceptInsecureCerts: false, acceptSslCerts: false, applicationCacheEnabled: false, browserConnectionEnabled: false, browserName: chrome, chrome: {chromedriverVersion: 74.0.3729.6 (255758eccf3d24..., userDataDir: C:\Users\VANDAN~1\AppData\L...}, cssSelectorsEnabled: true, databaseEnabled: false, goog:chromeOptions: {debuggerAddress: localhost:63142}, handlesAlerts: true, hasTouchScreen: false, javascriptEnabled: true, locationContextEnabled: true, mobileEmulationEnabled: false, nativeEvents: true, networkConnectionEnabled: false, pageLoadStrategy: normal, platform: XP, platformName: XP, proxy: Proxy(), rotatable: false, setWindowRect: true, strictFileInteractability: false, takesHeapSnapshot: true, takesScreenshot: true, timeouts: {implicit: 0, pageLoad: 300000, script: 30000}, unexpectedAlertBehaviour: ignore, unhandledPromptBehavior: ignore, version: 74.0.3729.169, webStorageEnabled: true}
Session ID: 04946337ad784385453c06ee1eb4039c
*** Element info: {Using=xpath, value=(//a[@ href='https://www.jabong.com/account/'])[1]}
	at com.automation.testcases.FetchJabongPointTest.jabongPoingVerification(FetchJabongPointTest.java:32)
</failure>
    <system-out><![CDATA[Trying to find Element By : By.xpath: (//a[@ href='https://www.jabong.com/account/'])[1]
Trying to find Element By : By.xpath: (//a[@ href='https://www.jabong.com/account/'])[1]
Trying to find Element By : By.xpath: (//a[@ href='https://www.jabong.com/account/'])[1]
Trying to find Element By : By.xpath: (//a[@ href='https://www.jabong.com/account/'])[1]
Trying to find Element By : By.xpath: (//a[@ href='https://www.jabong.com/account/'])[1]
Trying to find Element By : By.xpath: (//a[@ href='https://www.jabong.com/account/'])[1]
Trying to find Element By : By.xpath: (//a[@ href='https://www.jabong.com/account/'])[1]
Trying to find Element By : By.xpath: (//a[@ href='https://www.jabong.com/account/'])[1]
Trying to find Element By : By.xpath: (//a[@ href='https://www.jabong.com/account/'])[1]
Trying to find Element By : By.xpath: (//a[@ href='https://www.jabong.com/account/'])[1]
Trying to find Element By : By.xpath: (//a[@ href='https://www.jabong.com/account/'])[1]
Trying to find Element By : By.xpath: (//a[@ href='https://www.jabong.com/account/'])[1]
Trying to find Element By : By.xpath: (//a[@ href='https://www.jabong.com/account/'])[1]
Trying to find Element By : By.xpath: (//a[@ href='https://www.jabong.com/account/'])[1]
Trying to find Element By : By.xpath: (//a[@ href='https://www.jabong.com/account/'])[1]
Trying to find Element By : By.xpath: (//a[@ href='https://www.jabong.com/account/'])[1]
Trying to find Element By : By.xpath: (//a[@ href='https://www.jabong.com/account/'])[1]
Trying to find Element By : By.xpath: (//a[@ href='https://www.jabong.com/account/'])[1]
Trying to find Element By : By.xpath: (//a[@ href='https://www.jabong.com/account/'])[1]
Trying to find Element By : By.xpath: (//a[@ href='https://www.jabong.com/account/'])[1]
Trying to find Element By : By.xpath: (//a[@ href='https://www.jabong.com/account/'])[1]
Trying to find Element By : By.xpath: (//a[@ href='https://www.jabong.com/account/'])[1]
Trying to find Element By : By.xpath: (//a[@ href='https://www.jabong.com/account/'])[1]
Trying to find Element By : By.xpath: (//a[@ href='https://www.jabong.com/account/'])[1]
Trying to find Element By : By.xpath: (//a[@ href='https://www.jabong.com/account/'])[1]
Trying to find Element By : By.xpath: (//a[@ href='https://www.jabong.com/account/'])[1]
Trying to find Element By : By.xpath: (//a[@ href='https://www.jabong.com/account/'])[1]
Trying to find Element By : By.xpath: (//a[@ href='https://www.jabong.com/account/'])[1]
Trying to find Element By : By.xpath: (//a[@ href='https://www.jabong.com/account/'])[1]
Trying to find Element By : By.xpath: (//a[@ href='https://www.jabong.com/account/'])[1]
Trying to find Element By : By.xpath: (//a[@ href='https://www.jabong.com/account/'])[1]
Trying to find Element By : By.xpath: (//a[@ href='https://www.jabong.com/account/'])[1]
Trying to find Element By : By.xpath: (//a[@ href='https://www.jabong.com/account/'])[1]
Trying to find Element By : By.xpath: (//a[@ href='https://www.jabong.com/account/'])[1]
Trying to find Element By : By.xpath: (//a[@ href='https://www.jabong.com/account/'])[1]
Trying to find Element By : By.xpath: (//a[@ href='https://www.jabong.com/account/'])[1]
Trying to find Element By : By.xpath: (//a[@ href='https://www.jabong.com/account/'])[1]
Trying to find Element By : By.xpath: (//a[@ href='https://www.jabong.com/account/'])[1]
Trying to find Element By : By.xpath: (//a[@ href='https://www.jabong.com/account/'])[1]
]]></system-out>
  </testcase>
</testsuite>