<?xml version="1.0" encoding="UTF-8"?>
<!-- Generated by org.testng.reporters.JUnitXMLReporter -->
<testsuite hostname="Vandana" ignored="0" name="Default test" tests="2" failures="0" timestamp="23 May 2019 18:42:43 GMT" time="63.961" errors="0">
  <testcase name="loginApp" time="33.985" classname="com.learnautomation.testcases.JabongPointTest"/>
  <testcase name="jabongPoingVerification" time="17.843" classname="com.learnautomation.testcases.JabongPointTest"/>
</testsuite> <!-- Default test -->
