<?xml version="1.0" encoding="UTF-8"?>
<!-- Generated by org.testng.reporters.JUnitXMLReporter -->
<testsuite hostname="Vandana" ignored="0" name="Default test" tests="3" failures="0" timestamp="25 May 2019 06:43:10 GMT" time="52.895" errors="0">
  <testcase name="login" time="25.846" classname="com.learnautomation.testcases.AddNewAddressTest"/>
  <testcase name="myAccountVerification" time="9.846" classname="com.learnautomation.testcases.AddNewAddressTest"/>
  <testcase name="addNewAddressVerification" time="4.398" classname="com.learnautomation.testcases.AddNewAddressTest"/>
</testsuite> <!-- Default test -->
